
2021-10-02 18:54:17,100 ERROR [Log] basarisiz test =arama() 
2021-10-02 18:54:40,903 INFO  [Log] basarli test =giris() 
2021-10-02 18:55:14,238 ERROR [Log] basarisiz test =arama() 
2021-10-02 18:55:29,376 INFO  [Log] basarli test =giris() 
2021-10-02 18:56:11,468 ERROR [Log] basarisiz test =arama() 
2021-10-02 18:57:11,252 ERROR [Log] basarisiz test =arama() 
2021-10-02 18:57:27,367 ERROR [Log] basarisiz test =arama() 
2021-10-02 18:57:35,178 INFO  [Log] basarli test =giris() 
2021-10-02 19:00:32,095 INFO  [Log] basarli test =Giris() 
2021-10-02 19:07:40,835 ERROR [Log] basarisiz test =Arama() 
2021-10-02 19:08:49,987 ERROR [Log] basarisiz test =Arama() 
2021-10-02 19:15:29,367 INFO  [Log] basarli test =Giris() 
2021-10-02 19:16:07,752 ERROR [Log] basarisiz test =Arama() 
2021-10-02 19:18:01,124 INFO  [Log] basarli test =Lcv() 
2021-10-02 19:27:04,033 ERROR [Log] basarisiz test =Lcw() 
2021-10-02 19:28:02,316 ERROR [Log] basarisiz test =Lcw() 
2021-10-02 19:28:59,536 ERROR [Log] basarisiz test =Lcw() 
2021-10-02 19:29:52,601 ERROR [Log] basarisiz test =Lcw() 
2021-10-02 19:30:32,657 ERROR [Log] basarisiz test =Lcw() 
2021-10-02 19:31:16,743 ERROR [Log] basarisiz test =Lcw() 
2021-10-02 19:33:44,554 ERROR [Log] basarisiz test =Lcw() 
2021-10-02 19:36:31,706 ERROR [Log] basarisiz test =Lcw() 
2021-10-02 19:37:55,201 ERROR [Log] basarisiz test =Lcw() 
2021-10-02 19:39:31,221 ERROR [Log] basarisiz test =Lcw() 
2021-10-02 19:40:18,415 ERROR [Log] basarisiz test =Lcw() 
2021-10-02 19:44:05,207 ERROR [Log] basarisiz test =Lcw() 
2021-10-02 19:44:46,955 ERROR [Log] basarisiz test =Lcw() 
2021-10-02 19:45:52,050 ERROR [Log] basarisiz test =Lcw() 
2021-10-02 19:46:37,961 ERROR [Log] basarisiz test =Lcw() 
2021-10-02 19:47:38,726 ERROR [Log] basarisiz test =Lcw() 
2021-10-02 19:48:51,162 ERROR [Log] basarisiz test =Lcw() 
2021-10-02 19:52:19,011 ERROR [Log] basarisiz test =Lcw() 
2021-10-02 19:52:55,958 ERROR [Log] basarisiz test =Lcw() 
2021-10-02 20:04:52,716 ERROR [Log] basarisiz test =Lcw() 
2021-10-02 20:06:11,749 ERROR [Log] basarisiz test =Lcw() 
2021-10-02 20:19:25,073 ERROR [Log] basarisiz test =Lcw() 
2021-10-02 20:21:03,785 ERROR [Log] basarisiz test =Lcw() 
2021-10-02 20:29:12,938 ERROR [Log] basarisiz test =Lcw() 
2021-10-02 20:31:20,040 ERROR [Log] basarisiz test =Lcw() 
2021-10-02 20:32:17,077 ERROR [Log] basarisiz test =Lcw() 
2021-10-02 20:37:57,902 ERROR [Log] basarisiz test =Giris() 
2021-10-02 20:39:28,562 ERROR [Log] basarisiz test =LcwTesti() 
2021-10-02 20:55:48,914 ERROR [Log] basarisiz test =LcwTesti() 
2021-10-02 20:56:15,523 ERROR [Log] basarisiz test =LcwTesti() 
2021-10-02 20:56:53,443 ERROR [Log] basarisiz test =LcwTesti() 
2021-10-02 20:57:41,257 ERROR [Log] basarisiz test =LcwTesti() 
2021-10-02 20:58:34,644 ERROR [Log] basarisiz test =LcwTesti() 
2021-10-02 20:59:04,298 ERROR [Log] basarisiz test =LcwTesti() 
2021-10-02 20:59:47,838 ERROR [Log] basarisiz test =LcwTesti() 
2021-10-02 21:00:31,799 ERROR [Log] basarisiz test =LcwTesti() 
2021-10-02 21:04:19,019 ERROR [Log] basarisiz test =LcwTesti() 
2021-10-02 21:04:45,310 ERROR [Log] basarisiz test =LcwTesti() 
2021-10-02 21:05:14,763 ERROR [Log] basarisiz test =LcwTesti() 
2021-10-02 21:06:02,089 ERROR [Log] basarisiz test =LcwTesti() 
2021-10-02 21:07:29,159 INFO  [Log] basarli test =LcwTesti() 
2021-10-02 21:12:18,226 ERROR [Log] basarisiz test =LcwTesti() 
2021-10-02 21:15:05,239 INFO  [Log] basarli test =LcwTesti() 
